<?xml version="1.0" encoding="UTF-8"?>
<coverage generated="1695196788586" clover="3.2.0">
  <project timestamp="1695196788586" name="All files">
    <metrics statements="7" coveredstatements="7" conditionals="2" coveredconditionals="2" methods="1" coveredmethods="1" elements="10" coveredelements="10" complexity="0" loc="7" ncloc="7" packages="1" files="1" classes="1"/>
    <file name="26-removeDuplicates.ts" path="E:\CodeWars\Code_challenge\leetCode.com\easy\26-removeDuplicates.ts">
      <metrics statements="7" coveredstatements="7" conditionals="2" coveredconditionals="2" methods="1" coveredmethods="1"/>
      <line num="4" count="3" type="stmt"/>
      <line num="5" count="7" type="stmt"/>
      <line num="6" count="24" type="stmt"/>
      <line num="7" count="24" type="cond" truecount="2" falsecount="0"/>
      <line num="8" count="6" type="stmt"/>
      <line num="9" count="6" type="stmt"/>
      <line num="13" count="3" type="stmt"/>
    </file>
  </project>
</coverage>
