{"E:\\CodeWars\\Code_challenge\\leetCode.com\\easy\\26-removeDuplicates.ts": {"path":"E:\\CodeWars\\Code_challenge\\leetCode.com\\easy\\26-removeDuplicates.ts","statementMap":{"0":{"start":{"line":4,"column":4},"end":{"line":12,"column":5}},"1":{"start":{"line":4,"column":17},"end":{"line":4,"column":18}},"2":{"start":{"line":5,"column":8},"end":{"line":11,"column":9}},"3":{"start":{"line":5,"column":21},"end":{"line":5,"column":24}},"4":{"start":{"line":6,"column":28},"end":{"line":6,"column":35}},"5":{"start":{"line":7,"column":12},"end":{"line":10,"column":13}},"6":{"start":{"line":8,"column":16},"end":{"line":8,"column":33}},"7":{"start":{"line":9,"column":16},"end":{"line":9,"column":19}},"8":{"start":{"line":13,"column":4},"end":{"line":13,"column":23}}},"fnMap":{"0":{"name":"removeDuplicates","decl":{"start":{"line":3,"column":24},"end":{"line":3,"column":40}},"loc":{"start":{"line":3,"column":65},"end":{"line":14,"column":1}},"line":3}},"branchMap":{"0":{"loc":{"start":{"line":7,"column":12},"end":{"line":10,"column":13}},"type":"if","locations":[{"start":{"line":7,"column":12},"end":{"line":10,"column":13}},{"start":{},"end":{}}],"line":7}},"s":{"0":3,"1":3,"2":7,"3":7,"4":24,"5":24,"6":6,"7":6,"8":3},"f":{"0":3},"b":{"0":[6,18]},"_coverageSchema":"1a1c01bbd47fc00a2c39e90264f33305004495a9","hash":"6d37ee0381d838a78916bf60fa09883d8d450622"}
}
