{"E:\\CodeWars\\Code_challenge\\leetCode.com\\Medium\\189-rotateArray.ts": {"path":"E:\\CodeWars\\Code_challenge\\leetCode.com\\Medium\\189-rotateArray.ts","statementMap":{"0":{"start":{"line":7,"column":13},"end":{"line":7,"column":31}},"1":{"start":{"line":8,"column":9},"end":{"line":8,"column":36}},"2":{"start":{"line":9,"column":1},"end":{"line":13,"column":2}},"3":{"start":{"line":9,"column":14},"end":{"line":9,"column":15}},"4":{"start":{"line":10,"column":4},"end":{"line":10,"column":23}},"5":{"start":{"line":11,"column":4},"end":{"line":11,"column":35}},"6":{"start":{"line":12,"column":4},"end":{"line":12,"column":7}},"7":{"start":{"line":14,"column":1},"end":{"line":14,"column":12}}},"fnMap":{"0":{"name":"rotate","decl":{"start":{"line":6,"column":16},"end":{"line":6,"column":22}},"loc":{"start":{"line":6,"column":55},"end":{"line":15,"column":1}},"line":6}},"branchMap":{},"s":{"0":2,"1":2,"2":2,"3":2,"4":11,"5":11,"6":11,"7":2},"f":{"0":2},"b":{},"_coverageSchema":"1a1c01bbd47fc00a2c39e90264f33305004495a9","hash":"edf64b11feba841f95007bd1faba17c55b2e069b"}
}
